<?xml version="1.0" encoding="UTF-8"?>
<!-- Generated by org.testng.reporters.JUnitReportReporter -->
<testsuite skipped="0" hostname="Sarker" name="session6POM.AddCustomerTest" tests="1" failures="0" timestamp="2022-03-14T19:06:47 EDT" time="5.430" errors="0">
  <testcase name="userShouldAbleToCreatCustomer" time="5.430" classname="session6POM.AddCustomerTest"/>
  <system-out/>
</testsuite> <!-- session6POM.AddCustomerTest -->
