<?xml version="1.0" encoding="UTF-8"?>
<!-- Generated by org.testng.reporters.JUnitReportReporter -->
<testsuite skipped="0" hostname="Sarker" name="session6POM.LogInTest" tests="1" failures="0" timestamp="2022-04-03T22:27:39 EDT" time="4.743" errors="0">
  <testcase name="validUserShouldBeLogIn" time="4.743" classname="session6POM.LogInTest"/>
  <system-out/>
</testsuite> <!-- session6POM.LogInTest -->
