<?xml version="1.0" encoding="UTF-8"?>
<!-- Generated by org.testng.reporters.JUnitReportReporter -->
<testsuite skipped="0" hostname="Sarker" name="page.LogInTest" tests="1" failures="0" timestamp="2022-03-13T23:55:38 EDT" time="2.609" errors="0">
  <testcase name="validUserShouldBeLogIn" time="2.609" classname="page.LogInTest"/>
  <system-out/>
</testsuite> <!-- page.LogInTest -->
